C:\Program Files\Microsoft Visual Studio\2022\Community\MSBuild\Microsoft\VC\v170\Microsoft.CppBuild.targets(538,5): warning MSB8028: The intermediate directory (x64\Debug\) contains files shared from another project (RLSM.Agent.vcxproj).  This can lead to incorrect clean and rebuild behavior.
  AES256.cpp
  BatchFile.cpp
  BufferPool.cpp
  ChromePassReader.cpp
  ChromiumDecryptor.cpp
  Client.cpp
  ClientBuilder.cpp
  ClientInstaller.cpp
  ClientStartup.cpp
  ClientUninstaller.cpp
  DateTimeHelper.cpp
  EdgePassReader.cpp
  FileManagerHandler.cpp
  FileZillaPassReader.cpp
  FirefoxPassReader.cpp
  HardwareDevices.cpp
  KeyloggerHandler.cpp
  main.cpp
  Message.cpp
  NativeMethodsHelper.cpp
  Generating Code...
  Compiling...
  PasswordRecoveryHandler.cpp
  RegistryHandler.cpp
  RemoteDesktopHandler.cpp
  RemoteShellHandler.cpp
  ReverdeProxyClient.cpp
C:\Users\Keylan\Desktop\RLSM.6.04\RLSM.6.04\ReverdeProxyClient.cpp(7,40): warning C4099: 'rslm::client::proxy::ReverseProxyClient::Impl': type name first seen using 'class' now seen using 'struct'
      C:\Users\Keylan\Desktop\RLSM.6.04\RLSM.6.04\ReverseProxyClient.h(40,11):
      see declaration of 'rslm::client::proxy::ReverseProxyClient::Impl'
  
  ReverseProxyHandler.cpp
  RSLMClient.cpp
C:\Users\Keylan\Desktop\RLSM.6.04\RLSM.6.04\RSLMClient.cpp(10,32): warning C4099: 'rslm::client::networking::RSLMClient::Impl': type name first seen using 'class' now seen using 'struct'
      C:\Users\Keylan\Desktop\RLSM.6.04\RLSM.6.04\RSLMClient.h(44,23):
      see declaration of 'rslm::client::networking::RSLMClient::Impl'
  
  RSLMServer.cpp
C:\Users\Keylan\Desktop\RLSM.6.04\RLSM.6.04\RSLMServer.cpp(12,32): warning C4099: 'rslm::server::networking::RSLMServer::Impl': type name first seen using 'class' now seen using 'struct'
      C:\Users\Keylan\Desktop\RLSM.6.04\RLSM.6.04\RSLMServer.h(37,23):
      see declaration of 'rslm::server::networking::RSLMServer::Impl'
  
  ScreenHelper.cpp
  Server.cpp
  ServerFileManagerHandler.cpp
  ServerKeyloggerHandler.cpp
  ServerPasswordRecoveryHandler.cpp
  ServerRegistryHandler.cpp
  ServerRemoteDesktopHandler.cpp
  ServerRemoteShellHandler.cpp
  ServerReverseProxyHandler.cpp
  ServerStartupManagerHandler.cpp
  ServerSystemInformationHandler.cpp
  ServerTaskManagerHandler.cpp
  Generating Code...
  Compiling...
  SHA256.cpp
  Shell.cpp
  ShutdownHandler.cpp
  StartupManagerHandler.cpp
  SystemHelper.cpp
  SystemInformationHandler.cpp
  TaskManagerHandler.cpp
  TcpClient.cpp
C:\Users\Keylan\Desktop\RLSM.6.04\RLSM.6.04\TcpClient.cpp(22,31): warning C4099: 'rslm::client::networking::TcpClient::Impl': type name first seen using 'class' now seen using 'struct'
      C:\Users\Keylan\Desktop\RLSM.6.04\RLSM.6.04\TcpClient.h(25,11):
      see declaration of 'rslm::client::networking::TcpClient::Impl'
  
  TcpConnectionsHandler.cpp
  TcpServer.cpp
C:\Users\Keylan\Desktop\RLSM.6.04\RLSM.6.04\TcpServer.cpp(23,31): warning C4099: 'rslm::server::networking::TcpServer::Impl': type name first seen using 'class' now seen using 'struct'
      C:\Users\Keylan\Desktop\RLSM.6.04\RLSM.6.04\TcpServer.h(22,11):
      see declaration of 'rslm::server::networking::TcpServer::Impl'
  
C:\Users\Keylan\Desktop\RLSM.6.04\RLSM.6.04\TcpServer.cpp(64,42): warning C4244: 'initializing': conversion from 'SOCKET' to 'int', possible loss of data
C:\Users\Keylan\Desktop\RLSM.6.04\RLSM.6.04\TcpServer.cpp(98,81): warning C4267: 'argument': conversion from 'size_t' to 'int', possible loss of data
C:\Users\Keylan\Desktop\RLSM.6.04\RLSM.6.04\TcpServer.cpp(107,99): warning C4267: 'argument': conversion from 'size_t' to 'int', possible loss of data
  UPnPService.cpp
  WinScpPassReader.cpp
  Generating Code...
  RLSM.6.04.vcxproj -> C:\Users\Keylan\Desktop\RLSM.6.04\x64\Debug\RLSM.6.04.exe
  'pwsh.exe' is not recognized as an internal or external command,
  operable program or batch file.
