c:\$recycle.bin\s-1-5-21-964415303-782210801-2814507607-1001\$imn8v90
c:\$recycle.bin\s-1-5-21-964415303-782210801-2814507607-1001\$ivwk63j
c:\$recycle.bin\s-1-5-21-964415303-782210801-2814507607-1001\$iea132k
c:\$recycle.bin\s-1-5-21-964415303-782210801-2814507607-1001\$il7g3bl
c:\$recycle.bin\s-1-5-21-964415303-782210801-2814507607-1001\$i0fh2em
c:\$recycle.bin\s-1-5-21-964415303-782210801-2814507607-1001\$iljy10c
c:\$recycle.bin\s-1-5-21-964415303-782210801-2814507607-1001\$icb9joe
c:\$recycle.bin\s-1-5-21-964415303-782210801-2814507607-1001\$invmdos
c:\$recycle.bin\s-1-5-21-964415303-782210801-2814507607-1001\$io41bay
c:\$recycle.bin\s-1-5-21-964415303-782210801-2814507607-1001\$ig6cnjb
c:\$recycle.bin\s-1-5-21-964415303-782210801-2814507607-1001\$ijm84tr
c:\$recycle.bin\s-1-5-21-964415303-782210801-2814507607-1001\$iq49aii
c:\$recycle.bin\s-1-5-21-964415303-782210801-2814507607-1001\$i3vvvj8
c:\$recycle.bin\s-1-5-21-964415303-782210801-2814507607-1001\$i2krzoy
c:\$recycle.bin\s-1-5-21-964415303-782210801-2814507607-1001\$ixpcli6
c:\$recycle.bin\s-1-5-21-964415303-782210801-2814507607-1001\$ipxjir8
c:\$recycle.bin\s-1-5-21-964415303-782210801-2814507607-1001\$i2f096c
c:\$recycle.bin\s-1-5-21-964415303-782210801-2814507607-1001\$i712vjp
c:\$recycle.bin\s-1-5-21-964415303-782210801-2814507607-1001\$izpzmwe
c:\$recycle.bin\s-1-5-21-964415303-782210801-2814507607-1001\$id0x2yo
c:\users\keylan\desktop\rlsm.6.04\rlsm.6.04\rlsm.6.04\x64\release\nativemethodshelper.obj
c:\$recycle.bin\s-1-5-21-964415303-782210801-2814507607-1001\$ij780a6
c:\$recycle.bin\s-1-5-21-964415303-782210801-2814507607-1001\$i3a60sr
c:\$recycle.bin\s-1-5-21-964415303-782210801-2814507607-1001\$iui0rml
c:\$recycle.bin\s-1-5-21-964415303-782210801-2814507607-1001\$i6ph839
c:\$recycle.bin\s-1-5-21-964415303-782210801-2814507607-1001\$inuvmau
c:\users\keylan\desktop\rlsm.6.04\rlsm.6.04\rlsm.6.04\x64\release\message.obj
c:\$recycle.bin\s-1-5-21-964415303-782210801-2814507607-1001\$iravfgn
c:\$recycle.bin\s-1-5-21-964415303-782210801-2814507607-1001\$iif05wa
c:\$recycle.bin\s-1-5-21-964415303-782210801-2814507607-1001\$ihdn1zu
c:\$recycle.bin\s-1-5-21-964415303-782210801-2814507607-1001\$ijndrl4
c:\$recycle.bin\s-1-5-21-964415303-782210801-2814507607-1001\$i68ea4c
c:\users\keylan\desktop\rlsm.6.04\rlsm.6.04\rlsm.6.04\x64\release\main.obj
c:\$recycle.bin\s-1-5-21-964415303-782210801-2814507607-1001\$iiphebi
c:\$recycle.bin\s-1-5-21-964415303-782210801-2814507607-1001\$iivu0bc
c:\$recycle.bin\s-1-5-21-964415303-782210801-2814507607-1001\$ik6xksj
c:\$recycle.bin\s-1-5-21-964415303-782210801-2814507607-1001\$iydk5wg
c:\$recycle.bin\s-1-5-21-964415303-782210801-2814507607-1001\$is246f2
c:\users\keylan\desktop\rlsm.6.04\rlsm.6.04\rlsm.6.04\x64\release\keyloggerhandler.obj
c:\$recycle.bin\s-1-5-21-964415303-782210801-2814507607-1001\$iby7dgk
c:\$recycle.bin\s-1-5-21-964415303-782210801-2814507607-1001\$ifxj8e3
c:\$recycle.bin\s-1-5-21-964415303-782210801-2814507607-1001\$iaz9qbu
c:\$recycle.bin\s-1-5-21-964415303-782210801-2814507607-1001\$i7kajib
c:\$recycle.bin\s-1-5-21-964415303-782210801-2814507607-1001\$ip4v1ho
c:\users\keylan\desktop\rlsm.6.04\rlsm.6.04\rlsm.6.04\x64\release\hardwaredevices.obj
c:\$recycle.bin\s-1-5-21-964415303-782210801-2814507607-1001\$iw7ypqs
c:\$recycle.bin\s-1-5-21-964415303-782210801-2814507607-1001\$ia8umgy
c:\$recycle.bin\s-1-5-21-964415303-782210801-2814507607-1001\$ihrus1f
c:\$recycle.bin\s-1-5-21-964415303-782210801-2814507607-1001\$ix4t74n
c:\$recycle.bin\s-1-5-21-964415303-782210801-2814507607-1001\$igbyzrm
c:\users\keylan\desktop\rlsm.6.04\rlsm.6.04\rlsm.6.04\x64\release\firefoxpassreader.obj
c:\$recycle.bin\s-1-5-21-964415303-782210801-2814507607-1001\$iytozdr
c:\$recycle.bin\s-1-5-21-964415303-782210801-2814507607-1001\$i3e7pqz
c:\$recycle.bin\s-1-5-21-964415303-782210801-2814507607-1001\$itd2egj
c:\$recycle.bin\s-1-5-21-964415303-782210801-2814507607-1001\$iascao8
c:\$recycle.bin\s-1-5-21-964415303-782210801-2814507607-1001\$iv4wjmd
c:\users\keylan\desktop\rlsm.6.04\rlsm.6.04\rlsm.6.04\x64\release\filezillapassreader.obj
c:\$recycle.bin\s-1-5-21-964415303-782210801-2814507607-1001\$ivhm892
c:\$recycle.bin\s-1-5-21-964415303-782210801-2814507607-1001\$ioxxsdk
c:\$recycle.bin\s-1-5-21-964415303-782210801-2814507607-1001\$i5x2z63
c:\$recycle.bin\s-1-5-21-964415303-782210801-2814507607-1001\$iwhahqw
c:\$recycle.bin\s-1-5-21-964415303-782210801-2814507607-1001\$ie5bgxd
c:\users\keylan\desktop\rlsm.6.04\rlsm.6.04\rlsm.6.04\x64\release\filemanagerhandler.obj
c:\$recycle.bin\s-1-5-21-964415303-782210801-2814507607-1001\$iq1n9vx
c:\$recycle.bin\s-1-5-21-964415303-782210801-2814507607-1001\$i0c1rcx
c:\$recycle.bin\s-1-5-21-964415303-782210801-2814507607-1001\$ixanp0p
c:\$recycle.bin\s-1-5-21-964415303-782210801-2814507607-1001\$iv4jo7f
c:\$recycle.bin\s-1-5-21-964415303-782210801-2814507607-1001\$iw7pivi
c:\users\keylan\desktop\rlsm.6.04\rlsm.6.04\rlsm.6.04\x64\release\edgepassreader.obj
c:\$recycle.bin\s-1-5-21-964415303-782210801-2814507607-1001\$ico9zdw
c:\$recycle.bin\s-1-5-21-964415303-782210801-2814507607-1001\$iln8tgy
c:\$recycle.bin\s-1-5-21-964415303-782210801-2814507607-1001\$id5pv27
c:\$recycle.bin\s-1-5-21-964415303-782210801-2814507607-1001\$iwkdp81
c:\$recycle.bin\s-1-5-21-964415303-782210801-2814507607-1001\$iulrvur
c:\users\keylan\desktop\rlsm.6.04\rlsm.6.04\rlsm.6.04\x64\release\datetimehelper.obj
c:\$recycle.bin\s-1-5-21-964415303-782210801-2814507607-1001\$i530wle
c:\$recycle.bin\s-1-5-21-964415303-782210801-2814507607-1001\$ijom7ex
c:\$recycle.bin\s-1-5-21-964415303-782210801-2814507607-1001\$iu3vdij
c:\$recycle.bin\s-1-5-21-964415303-782210801-2814507607-1001\$i25yluc
c:\$recycle.bin\s-1-5-21-964415303-782210801-2814507607-1001\$i2pmaen
c:\users\keylan\desktop\rlsm.6.04\rlsm.6.04\rlsm.6.04\x64\release\clientuninstaller.obj
c:\$recycle.bin\s-1-5-21-964415303-782210801-2814507607-1001\$i4eodxw
c:\$recycle.bin\s-1-5-21-964415303-782210801-2814507607-1001\$iaonwxv
c:\$recycle.bin\s-1-5-21-964415303-782210801-2814507607-1001\$ijbg38f
c:\$recycle.bin\s-1-5-21-964415303-782210801-2814507607-1001\$iufinuq
c:\$recycle.bin\s-1-5-21-964415303-782210801-2814507607-1001\$i02z1hj
c:\users\keylan\desktop\rlsm.6.04\rlsm.6.04\rlsm.6.04\x64\release\clientstartup.obj
c:\$recycle.bin\s-1-5-21-964415303-782210801-2814507607-1001\$iocsubl
c:\$recycle.bin\s-1-5-21-964415303-782210801-2814507607-1001\$iay2pns
c:\$recycle.bin\s-1-5-21-964415303-782210801-2814507607-1001\$i2avh9i
c:\$recycle.bin\s-1-5-21-964415303-782210801-2814507607-1001\$iou6pnd
c:\$recycle.bin\s-1-5-21-964415303-782210801-2814507607-1001\$i9c2ym6
c:\users\keylan\desktop\rlsm.6.04\rlsm.6.04\rlsm.6.04\x64\release\clientinstaller.obj
c:\$recycle.bin\s-1-5-21-964415303-782210801-2814507607-1001\$isp3n90
c:\$recycle.bin\s-1-5-21-964415303-782210801-2814507607-1001\$ix2zi7b
c:\$recycle.bin\s-1-5-21-964415303-782210801-2814507607-1001\$iqmwkxr
c:\$recycle.bin\s-1-5-21-964415303-782210801-2814507607-1001\$iitgzmw
c:\$recycle.bin\s-1-5-21-964415303-782210801-2814507607-1001\$iz7r4a5
c:\users\keylan\desktop\rlsm.6.04\rlsm.6.04\rlsm.6.04\x64\release\clientbuilder.obj
c:\$recycle.bin\s-1-5-21-964415303-782210801-2814507607-1001\$ildxn1w
c:\$recycle.bin\s-1-5-21-964415303-782210801-2814507607-1001\$ij96w85
c:\$recycle.bin\s-1-5-21-964415303-782210801-2814507607-1001\$ibbjq7n
c:\$recycle.bin\s-1-5-21-964415303-782210801-2814507607-1001\$ivdzvoc
c:\$recycle.bin\s-1-5-21-964415303-782210801-2814507607-1001\$igo3t8q
c:\users\keylan\desktop\rlsm.6.04\rlsm.6.04\rlsm.6.04\x64\release\client.obj
c:\$recycle.bin\s-1-5-21-964415303-782210801-2814507607-1001\$i8tq1oo
c:\$recycle.bin\s-1-5-21-964415303-782210801-2814507607-1001\$i54yffu
c:\$recycle.bin\s-1-5-21-964415303-782210801-2814507607-1001\$ietuf8t
c:\$recycle.bin\s-1-5-21-964415303-782210801-2814507607-1001\$ixw66bx
c:\$recycle.bin\s-1-5-21-964415303-782210801-2814507607-1001\$inaxxzk
c:\users\keylan\desktop\rlsm.6.04\rlsm.6.04\rlsm.6.04\x64\release\chromiumdecryptor.obj
c:\$recycle.bin\s-1-5-21-964415303-782210801-2814507607-1001\$iqa4hqd
c:\$recycle.bin\s-1-5-21-964415303-782210801-2814507607-1001\$i50ijtc
c:\$recycle.bin\s-1-5-21-964415303-782210801-2814507607-1001\$iw7xvu7
c:\$recycle.bin\s-1-5-21-964415303-782210801-2814507607-1001\$iljnvdj
c:\$recycle.bin\s-1-5-21-964415303-782210801-2814507607-1001\$itvxiqm
c:\users\keylan\desktop\rlsm.6.04\rlsm.6.04\rlsm.6.04\x64\release\chromepassreader.obj
c:\$recycle.bin\s-1-5-21-964415303-782210801-2814507607-1001\$id80zzp
c:\$recycle.bin\s-1-5-21-964415303-782210801-2814507607-1001\$igty7mn
c:\$recycle.bin\s-1-5-21-964415303-782210801-2814507607-1001\$iiqqmrz
c:\$recycle.bin\s-1-5-21-964415303-782210801-2814507607-1001\$ikzzg35
c:\$recycle.bin\s-1-5-21-964415303-782210801-2814507607-1001\$iarwzz6
c:\users\keylan\desktop\rlsm.6.04\rlsm.6.04\rlsm.6.04\x64\release\bufferpool.obj
c:\$recycle.bin\s-1-5-21-964415303-782210801-2814507607-1001\$il0gwp8
c:\$recycle.bin\s-1-5-21-964415303-782210801-2814507607-1001\$iqtv4f5
c:\$recycle.bin\s-1-5-21-964415303-782210801-2814507607-1001\$iki7da4
c:\$recycle.bin\s-1-5-21-964415303-782210801-2814507607-1001\$i2cazy9
c:\$recycle.bin\s-1-5-21-964415303-782210801-2814507607-1001\$ivasyq0
c:\users\keylan\desktop\rlsm.6.04\rlsm.6.04\rlsm.6.04\x64\release\batchfile.obj
c:\$recycle.bin\s-1-5-21-964415303-782210801-2814507607-1001\$ia72p61
c:\$recycle.bin\s-1-5-21-964415303-782210801-2814507607-1001\$i25yyzp
c:\$recycle.bin\s-1-5-21-964415303-782210801-2814507607-1001\$i1jprad
c:\$recycle.bin\s-1-5-21-964415303-782210801-2814507607-1001\$ioc37j4
c:\$recycle.bin\s-1-5-21-964415303-782210801-2814507607-1001\$i4c0mbm
c:\users\keylan\desktop\rlsm.6.04\rlsm.6.04\rlsm.6.04\x64\release\aes256.obj
c:\$recycle.bin\s-1-5-21-964415303-782210801-2814507607-1001\$iemjgly
c:\$recycle.bin\s-1-5-21-964415303-782210801-2814507607-1001\$ioebs01
c:\$recycle.bin\s-1-5-21-964415303-782210801-2814507607-1001\$id9eimk
c:\$recycle.bin\s-1-5-21-964415303-782210801-2814507607-1001\$ijto3xx
c:\$recycle.bin\s-1-5-21-964415303-782210801-2814507607-1001\$inityc4
c:\$recycle.bin\s-1-5-21-964415303-782210801-2814507607-1001\$ioff7eo
c:\$recycle.bin\s-1-5-21-964415303-782210801-2814507607-1001\$ia4c0wj
c:\$recycle.bin\s-1-5-21-964415303-782210801-2814507607-1001\$izz5vmi
c:\$recycle.bin\s-1-5-21-964415303-782210801-2814507607-1001\$ie6vk4q
c:\$recycle.bin\s-1-5-21-964415303-782210801-2814507607-1001\$iwhl8m3
c:\$recycle.bin\s-1-5-21-964415303-782210801-2814507607-1001\$ijxvr7g
c:\$recycle.bin\s-1-5-21-964415303-782210801-2814507607-1001\$iavgdnb
c:\$recycle.bin\s-1-5-21-964415303-782210801-2814507607-1001\$il5fizo
c:\$recycle.bin\s-1-5-21-964415303-782210801-2814507607-1001\$inyxats
c:\$recycle.bin\s-1-5-21-964415303-782210801-2814507607-1001\$i77qo3h
c:\$recycle.bin\s-1-5-21-964415303-782210801-2814507607-1001\$iw84cnx
c:\$recycle.bin\s-1-5-21-964415303-782210801-2814507607-1001\$inn82af
c:\$recycle.bin\s-1-5-21-964415303-782210801-2814507607-1001\$ikpq043
c:\$recycle.bin\s-1-5-21-964415303-782210801-2814507607-1001\$ipwxn5e
c:\$recycle.bin\s-1-5-21-964415303-782210801-2814507607-1001\$i8ofzc7
c:\$recycle.bin\s-1-5-21-964415303-782210801-2814507607-1001\$ico75pp
c:\$recycle.bin\s-1-5-21-964415303-782210801-2814507607-1001\$ii5rcgo
c:\$recycle.bin\s-1-5-21-964415303-782210801-2814507607-1001\$ipkl5z4
c:\$recycle.bin\s-1-5-21-964415303-782210801-2814507607-1001\$ikk6dqf
c:\$recycle.bin\s-1-5-21-964415303-782210801-2814507607-1001\$idmwf65
c:\users\keylan\desktop\rlsm.6.04\rlsm.6.04\rlsm.6.04\x64\release\servertaskmanagerhandler.obj
c:\$recycle.bin\s-1-5-21-964415303-782210801-2814507607-1001\$ixgkf3y
c:\$recycle.bin\s-1-5-21-964415303-782210801-2814507607-1001\$i3tx7td
c:\$recycle.bin\s-1-5-21-964415303-782210801-2814507607-1001\$ik4xh84
c:\$recycle.bin\s-1-5-21-964415303-782210801-2814507607-1001\$ieduml5
c:\$recycle.bin\s-1-5-21-964415303-782210801-2814507607-1001\$ijvb6fl
c:\users\keylan\desktop\rlsm.6.04\rlsm.6.04\rlsm.6.04\x64\release\serversysteminformationhandler.obj
c:\$recycle.bin\s-1-5-21-964415303-782210801-2814507607-1001\$ies489z
c:\$recycle.bin\s-1-5-21-964415303-782210801-2814507607-1001\$ihmj14e
c:\$recycle.bin\s-1-5-21-964415303-782210801-2814507607-1001\$i646t9h
c:\$recycle.bin\s-1-5-21-964415303-782210801-2814507607-1001\$iiapoej
c:\$recycle.bin\s-1-5-21-964415303-782210801-2814507607-1001\$ih840v8
c:\users\keylan\desktop\rlsm.6.04\rlsm.6.04\rlsm.6.04\x64\release\serverstartupmanagerhandler.obj
c:\$recycle.bin\s-1-5-21-964415303-782210801-2814507607-1001\$ixs9jxx
c:\$recycle.bin\s-1-5-21-964415303-782210801-2814507607-1001\$il3r7fc
c:\$recycle.bin\s-1-5-21-964415303-782210801-2814507607-1001\$io0w022
c:\$recycle.bin\s-1-5-21-964415303-782210801-2814507607-1001\$isukgy2
c:\$recycle.bin\s-1-5-21-964415303-782210801-2814507607-1001\$izyo2c2
c:\users\keylan\desktop\rlsm.6.04\rlsm.6.04\rlsm.6.04\x64\release\serverreverseproxyhandler.obj
c:\$recycle.bin\s-1-5-21-964415303-782210801-2814507607-1001\$ia9usws
c:\$recycle.bin\s-1-5-21-964415303-782210801-2814507607-1001\$isqw66n
c:\$recycle.bin\s-1-5-21-964415303-782210801-2814507607-1001\$ia5e9s3
c:\$recycle.bin\s-1-5-21-964415303-782210801-2814507607-1001\$icyae5z
c:\$recycle.bin\s-1-5-21-964415303-782210801-2814507607-1001\$ioh1kgx
c:\users\keylan\desktop\rlsm.6.04\rlsm.6.04\rlsm.6.04\x64\release\serverremoteshellhandler.obj
c:\$recycle.bin\s-1-5-21-964415303-782210801-2814507607-1001\$ix4ixbc
c:\$recycle.bin\s-1-5-21-964415303-782210801-2814507607-1001\$invkxuz
c:\$recycle.bin\s-1-5-21-964415303-782210801-2814507607-1001\$iwzf3b9
c:\$recycle.bin\s-1-5-21-964415303-782210801-2814507607-1001\$i2wzg1y
c:\$recycle.bin\s-1-5-21-964415303-782210801-2814507607-1001\$itpcxbz
c:\users\keylan\desktop\rlsm.6.04\rlsm.6.04\rlsm.6.04\x64\release\serverremotedesktophandler.obj
c:\$recycle.bin\s-1-5-21-964415303-782210801-2814507607-1001\$ih037vz
c:\$recycle.bin\s-1-5-21-964415303-782210801-2814507607-1001\$if1n6dj
c:\$recycle.bin\s-1-5-21-964415303-782210801-2814507607-1001\$i99gwih
c:\$recycle.bin\s-1-5-21-964415303-782210801-2814507607-1001\$i2pb96e
c:\$recycle.bin\s-1-5-21-964415303-782210801-2814507607-1001\$is4akpa
c:\users\keylan\desktop\rlsm.6.04\rlsm.6.04\rlsm.6.04\x64\release\serverregistryhandler.obj
c:\$recycle.bin\s-1-5-21-964415303-782210801-2814507607-1001\$iuv8h4r
c:\$recycle.bin\s-1-5-21-964415303-782210801-2814507607-1001\$iae519t
c:\$recycle.bin\s-1-5-21-964415303-782210801-2814507607-1001\$ike0z7o
c:\$recycle.bin\s-1-5-21-964415303-782210801-2814507607-1001\$i4mxfvd
c:\$recycle.bin\s-1-5-21-964415303-782210801-2814507607-1001\$icwhxtw
c:\users\keylan\desktop\rlsm.6.04\rlsm.6.04\rlsm.6.04\x64\release\serverpasswordrecoveryhandler.obj
c:\$recycle.bin\s-1-5-21-964415303-782210801-2814507607-1001\$iwfmjc3
c:\$recycle.bin\s-1-5-21-964415303-782210801-2814507607-1001\$ij2y9tg
c:\$recycle.bin\s-1-5-21-964415303-782210801-2814507607-1001\$inuoxv7
c:\$recycle.bin\s-1-5-21-964415303-782210801-2814507607-1001\$i3vz0lq
c:\$recycle.bin\s-1-5-21-964415303-782210801-2814507607-1001\$imrnvu4
c:\users\keylan\desktop\rlsm.6.04\rlsm.6.04\rlsm.6.04\x64\release\serverkeyloggerhandler.obj
c:\$recycle.bin\s-1-5-21-964415303-782210801-2814507607-1001\$ilui1uh
c:\$recycle.bin\s-1-5-21-964415303-782210801-2814507607-1001\$i3oi7ri
c:\$recycle.bin\s-1-5-21-964415303-782210801-2814507607-1001\$iyctpsf
c:\$recycle.bin\s-1-5-21-964415303-782210801-2814507607-1001\$ig5si9f
c:\$recycle.bin\s-1-5-21-964415303-782210801-2814507607-1001\$i3qlx9l
c:\users\keylan\desktop\rlsm.6.04\rlsm.6.04\rlsm.6.04\x64\release\serverfilemanagerhandler.obj
c:\$recycle.bin\s-1-5-21-964415303-782210801-2814507607-1001\$im9hpj4
c:\$recycle.bin\s-1-5-21-964415303-782210801-2814507607-1001\$ifypln8
c:\$recycle.bin\s-1-5-21-964415303-782210801-2814507607-1001\$ikjgrrj
c:\$recycle.bin\s-1-5-21-964415303-782210801-2814507607-1001\$i05daj3
c:\$recycle.bin\s-1-5-21-964415303-782210801-2814507607-1001\$iatjz7p
c:\users\keylan\desktop\rlsm.6.04\rlsm.6.04\rlsm.6.04\x64\release\server.obj
c:\$recycle.bin\s-1-5-21-964415303-782210801-2814507607-1001\$igpxa7i
c:\$recycle.bin\s-1-5-21-964415303-782210801-2814507607-1001\$ia8xu3g
c:\$recycle.bin\s-1-5-21-964415303-782210801-2814507607-1001\$iwaq4gg
c:\$recycle.bin\s-1-5-21-964415303-782210801-2814507607-1001\$ipy0orj
c:\$recycle.bin\s-1-5-21-964415303-782210801-2814507607-1001\$iq5khpc
c:\users\keylan\desktop\rlsm.6.04\rlsm.6.04\rlsm.6.04\x64\release\screenhelper.obj
c:\$recycle.bin\s-1-5-21-964415303-782210801-2814507607-1001\$i4zyduo
c:\$recycle.bin\s-1-5-21-964415303-782210801-2814507607-1001\$i9u8pgp
c:\$recycle.bin\s-1-5-21-964415303-782210801-2814507607-1001\$i23mx4t
c:\$recycle.bin\s-1-5-21-964415303-782210801-2814507607-1001\$iawguq7
c:\$recycle.bin\s-1-5-21-964415303-782210801-2814507607-1001\$i7hc4jl
c:\users\keylan\desktop\rlsm.6.04\rlsm.6.04\rlsm.6.04\x64\release\rslmserver.obj
c:\$recycle.bin\s-1-5-21-964415303-782210801-2814507607-1001\$i4e6rkc
c:\$recycle.bin\s-1-5-21-964415303-782210801-2814507607-1001\$i15uigo
c:\$recycle.bin\s-1-5-21-964415303-782210801-2814507607-1001\$ihe4lva
c:\$recycle.bin\s-1-5-21-964415303-782210801-2814507607-1001\$i7go7hu
c:\$recycle.bin\s-1-5-21-964415303-782210801-2814507607-1001\$irsxx9r
c:\users\keylan\desktop\rlsm.6.04\rlsm.6.04\rlsm.6.04\x64\release\rslmclient.obj
c:\$recycle.bin\s-1-5-21-964415303-782210801-2814507607-1001\$ijkogfb
c:\$recycle.bin\s-1-5-21-964415303-782210801-2814507607-1001\$iq975qc
c:\$recycle.bin\s-1-5-21-964415303-782210801-2814507607-1001\$ikky70w
c:\$recycle.bin\s-1-5-21-964415303-782210801-2814507607-1001\$i8ssgz7
c:\$recycle.bin\s-1-5-21-964415303-782210801-2814507607-1001\$ie6vumh
c:\users\keylan\desktop\rlsm.6.04\rlsm.6.04\rlsm.6.04\x64\release\reverseproxyhandler.obj
c:\$recycle.bin\s-1-5-21-964415303-782210801-2814507607-1001\$i0ghnfu
c:\$recycle.bin\s-1-5-21-964415303-782210801-2814507607-1001\$ih81g5u
c:\$recycle.bin\s-1-5-21-964415303-782210801-2814507607-1001\$iozicdd
c:\$recycle.bin\s-1-5-21-964415303-782210801-2814507607-1001\$iyi111m
c:\$recycle.bin\s-1-5-21-964415303-782210801-2814507607-1001\$ilqtn9p
c:\users\keylan\desktop\rlsm.6.04\rlsm.6.04\rlsm.6.04\x64\release\reverdeproxyclient.obj
c:\$recycle.bin\s-1-5-21-964415303-782210801-2814507607-1001\$iuphblu
c:\$recycle.bin\s-1-5-21-964415303-782210801-2814507607-1001\$i2sckfa
c:\$recycle.bin\s-1-5-21-964415303-782210801-2814507607-1001\$i2nk9nj
c:\$recycle.bin\s-1-5-21-964415303-782210801-2814507607-1001\$i50mvt4
c:\$recycle.bin\s-1-5-21-964415303-782210801-2814507607-1001\$ixf6htv
c:\users\keylan\desktop\rlsm.6.04\rlsm.6.04\rlsm.6.04\x64\release\remoteshellhandler.obj
c:\$recycle.bin\s-1-5-21-964415303-782210801-2814507607-1001\$iomd2ou
c:\$recycle.bin\s-1-5-21-964415303-782210801-2814507607-1001\$im5vfaa
c:\$recycle.bin\s-1-5-21-964415303-782210801-2814507607-1001\$ir0n05d
c:\$recycle.bin\s-1-5-21-964415303-782210801-2814507607-1001\$iva72lx
c:\$recycle.bin\s-1-5-21-964415303-782210801-2814507607-1001\$isv6u42
c:\users\keylan\desktop\rlsm.6.04\rlsm.6.04\rlsm.6.04\x64\release\remotedesktophandler.obj
c:\$recycle.bin\s-1-5-21-964415303-782210801-2814507607-1001\$iruensa
c:\$recycle.bin\s-1-5-21-964415303-782210801-2814507607-1001\$iynng72
c:\$recycle.bin\s-1-5-21-964415303-782210801-2814507607-1001\$i7aiqoq
c:\$recycle.bin\s-1-5-21-964415303-782210801-2814507607-1001\$inibb4z
c:\$recycle.bin\s-1-5-21-964415303-782210801-2814507607-1001\$ia8uzmm
c:\users\keylan\desktop\rlsm.6.04\rlsm.6.04\rlsm.6.04\x64\release\registryhandler.obj
c:\$recycle.bin\s-1-5-21-964415303-782210801-2814507607-1001\$i1bxsxa
c:\$recycle.bin\s-1-5-21-964415303-782210801-2814507607-1001\$is98fq6
c:\$recycle.bin\s-1-5-21-964415303-782210801-2814507607-1001\$i960kqu
c:\$recycle.bin\s-1-5-21-964415303-782210801-2814507607-1001\$iah9kqh
c:\$recycle.bin\s-1-5-21-964415303-782210801-2814507607-1001\$ifj17g8
c:\users\keylan\desktop\rlsm.6.04\rlsm.6.04\rlsm.6.04\x64\release\passwordrecoveryhandler.obj
c:\$recycle.bin\s-1-5-21-964415303-782210801-2814507607-1001\$ib4c3y9
c:\$recycle.bin\s-1-5-21-964415303-782210801-2814507607-1001\$ihjfrnj
c:\$recycle.bin\s-1-5-21-964415303-782210801-2814507607-1001\$ipqdvrz
c:\$recycle.bin\s-1-5-21-964415303-782210801-2814507607-1001\$idmuwxb
c:\$recycle.bin\s-1-5-21-964415303-782210801-2814507607-1001\$io04wa0
c:\$recycle.bin\s-1-5-21-964415303-782210801-2814507607-1001\$iz7w2bw
c:\$recycle.bin\s-1-5-21-964415303-782210801-2814507607-1001\$iqxsilr
c:\$recycle.bin\s-1-5-21-964415303-782210801-2814507607-1001\$i0xmg4b
c:\$recycle.bin\s-1-5-21-964415303-782210801-2814507607-1001\$iygyc36
c:\$recycle.bin\s-1-5-21-964415303-782210801-2814507607-1001\$iaucpye
c:\$recycle.bin\s-1-5-21-964415303-782210801-2814507607-1001\$iho7vqw
c:\$recycle.bin\s-1-5-21-964415303-782210801-2814507607-1001\$in5qfem
c:\$recycle.bin\s-1-5-21-964415303-782210801-2814507607-1001\$i33ybwf
c:\$recycle.bin\s-1-5-21-964415303-782210801-2814507607-1001\$itl3c2z
c:\$recycle.bin\s-1-5-21-964415303-782210801-2814507607-1001\$i1gqjrw
c:\$recycle.bin\s-1-5-21-964415303-782210801-2814507607-1001\$inpvr2b
c:\$recycle.bin\s-1-5-21-964415303-782210801-2814507607-1001\$ikovnf2
c:\users\keylan\desktop\rlsm.6.04\rlsm.6.04\rlsm.6.04\x64\release\winscppassreader.obj
c:\$recycle.bin\s-1-5-21-964415303-782210801-2814507607-1001\$ifdr5ss
c:\$recycle.bin\s-1-5-21-964415303-782210801-2814507607-1001\$iw804o4
c:\$recycle.bin\s-1-5-21-964415303-782210801-2814507607-1001\$idro6nj
c:\$recycle.bin\s-1-5-21-964415303-782210801-2814507607-1001\$igmlvou
c:\$recycle.bin\s-1-5-21-964415303-782210801-2814507607-1001\$iro2qx2
c:\users\keylan\desktop\rlsm.6.04\rlsm.6.04\rlsm.6.04\x64\release\upnpservice.obj
c:\$recycle.bin\s-1-5-21-964415303-782210801-2814507607-1001\$iuvk0yn
c:\$recycle.bin\s-1-5-21-964415303-782210801-2814507607-1001\$ircy9ze
c:\$recycle.bin\s-1-5-21-964415303-782210801-2814507607-1001\$ie0rssf
c:\$recycle.bin\s-1-5-21-964415303-782210801-2814507607-1001\$i9452iv
c:\$recycle.bin\s-1-5-21-964415303-782210801-2814507607-1001\$i4l3lv9
c:\users\keylan\desktop\rlsm.6.04\rlsm.6.04\rlsm.6.04\x64\release\tcpserver.obj
c:\$recycle.bin\s-1-5-21-964415303-782210801-2814507607-1001\$i0gcyz5
c:\$recycle.bin\s-1-5-21-964415303-782210801-2814507607-1001\$if5q3vz
c:\$recycle.bin\s-1-5-21-964415303-782210801-2814507607-1001\$icqm06c
c:\$recycle.bin\s-1-5-21-964415303-782210801-2814507607-1001\$i2efyzp
c:\$recycle.bin\s-1-5-21-964415303-782210801-2814507607-1001\$i4qqee3
c:\users\keylan\desktop\rlsm.6.04\rlsm.6.04\rlsm.6.04\x64\release\tcpconnectionshandler.obj
c:\$recycle.bin\s-1-5-21-964415303-782210801-2814507607-1001\$i2ag2vk
c:\$recycle.bin\s-1-5-21-964415303-782210801-2814507607-1001\$i97r1c1
c:\$recycle.bin\s-1-5-21-964415303-782210801-2814507607-1001\$iyugfje
c:\$recycle.bin\s-1-5-21-964415303-782210801-2814507607-1001\$iyewrg3
c:\$recycle.bin\s-1-5-21-964415303-782210801-2814507607-1001\$icbt3lz
c:\users\keylan\desktop\rlsm.6.04\rlsm.6.04\rlsm.6.04\x64\release\tcpclient.obj
c:\$recycle.bin\s-1-5-21-964415303-782210801-2814507607-1001\$i6tht9n
c:\$recycle.bin\s-1-5-21-964415303-782210801-2814507607-1001\$iwtldfg
c:\$recycle.bin\s-1-5-21-964415303-782210801-2814507607-1001\$i2vays4
c:\$recycle.bin\s-1-5-21-964415303-782210801-2814507607-1001\$iyxfy3o
c:\$recycle.bin\s-1-5-21-964415303-782210801-2814507607-1001\$i8yha3r
c:\users\keylan\desktop\rlsm.6.04\rlsm.6.04\rlsm.6.04\x64\release\taskmanagerhandler.obj
c:\$recycle.bin\s-1-5-21-964415303-782210801-2814507607-1001\$iv925ja
c:\$recycle.bin\s-1-5-21-964415303-782210801-2814507607-1001\$i3dy4m9
c:\$recycle.bin\s-1-5-21-964415303-782210801-2814507607-1001\$iuyutjb
c:\$recycle.bin\s-1-5-21-964415303-782210801-2814507607-1001\$i2y3ijt
c:\$recycle.bin\s-1-5-21-964415303-782210801-2814507607-1001\$ijc5gv9
c:\users\keylan\desktop\rlsm.6.04\rlsm.6.04\rlsm.6.04\x64\release\systeminformationhandler.obj
c:\$recycle.bin\s-1-5-21-964415303-782210801-2814507607-1001\$i840s66
c:\$recycle.bin\s-1-5-21-964415303-782210801-2814507607-1001\$is0q9qy
c:\$recycle.bin\s-1-5-21-964415303-782210801-2814507607-1001\$i0tj3iv
c:\$recycle.bin\s-1-5-21-964415303-782210801-2814507607-1001\$iird9u6
c:\$recycle.bin\s-1-5-21-964415303-782210801-2814507607-1001\$iycp3zj
c:\users\keylan\desktop\rlsm.6.04\rlsm.6.04\rlsm.6.04\x64\release\systemhelper.obj
c:\$recycle.bin\s-1-5-21-964415303-782210801-2814507607-1001\$ikbtbu5
c:\$recycle.bin\s-1-5-21-964415303-782210801-2814507607-1001\$ihhbjg3
c:\$recycle.bin\s-1-5-21-964415303-782210801-2814507607-1001\$iucxmsx
c:\$recycle.bin\s-1-5-21-964415303-782210801-2814507607-1001\$ir5rjhl
c:\$recycle.bin\s-1-5-21-964415303-782210801-2814507607-1001\$i3ebzpb
c:\users\keylan\desktop\rlsm.6.04\rlsm.6.04\rlsm.6.04\x64\release\startupmanagerhandler.obj
c:\$recycle.bin\s-1-5-21-964415303-782210801-2814507607-1001\$ias5luq
c:\$recycle.bin\s-1-5-21-964415303-782210801-2814507607-1001\$ivv5qzb
c:\$recycle.bin\s-1-5-21-964415303-782210801-2814507607-1001\$ivgkb4r
c:\$recycle.bin\s-1-5-21-964415303-782210801-2814507607-1001\$i77z0hw
c:\$recycle.bin\s-1-5-21-964415303-782210801-2814507607-1001\$ijlo9lo
c:\users\keylan\desktop\rlsm.6.04\rlsm.6.04\rlsm.6.04\x64\release\shutdownhandler.obj
c:\$recycle.bin\s-1-5-21-964415303-782210801-2814507607-1001\$iijo1qs
c:\$recycle.bin\s-1-5-21-964415303-782210801-2814507607-1001\$iqx6i6m
c:\$recycle.bin\s-1-5-21-964415303-782210801-2814507607-1001\$ica8e14
c:\$recycle.bin\s-1-5-21-964415303-782210801-2814507607-1001\$ir360e1
c:\$recycle.bin\s-1-5-21-964415303-782210801-2814507607-1001\$iojmi4x
c:\users\keylan\desktop\rlsm.6.04\rlsm.6.04\rlsm.6.04\x64\release\shell.obj
c:\$recycle.bin\s-1-5-21-964415303-782210801-2814507607-1001\$iag267c
c:\$recycle.bin\s-1-5-21-964415303-782210801-2814507607-1001\$i5xpprx
c:\$recycle.bin\s-1-5-21-964415303-782210801-2814507607-1001\$inpofqf
c:\$recycle.bin\s-1-5-21-964415303-782210801-2814507607-1001\$ijsigt9
c:\$recycle.bin\s-1-5-21-964415303-782210801-2814507607-1001\$ikeenhu
c:\users\keylan\desktop\rlsm.6.04\rlsm.6.04\rlsm.6.04\x64\release\sha256.obj
c:\$recycle.bin\s-1-5-21-964415303-782210801-2814507607-1001\$iw6aiu5
c:\$recycle.bin\s-1-5-21-964415303-782210801-2814507607-1001\$ikxkhjb
c:\$recycle.bin\s-1-5-21-964415303-782210801-2814507607-1001\$ijbjjpd
c:\$recycle.bin\s-1-5-21-964415303-782210801-2814507607-1001\$ir6opqy
c:\$recycle.bin\s-1-5-21-964415303-782210801-2814507607-1001\$izj7rop
c:\users\keylan\desktop\rlsm.6.04\rlsm.6.04\rlsm.6.04\x64\release\vc143.pdb
c:\users\keylan\desktop\rlsm.6.04\rlsm.6.04\x64\release\rlsm.6.04.exe
c:\$recycle.bin\s-1-5-21-964415303-782210801-2814507607-1001\$inc3552.tmp
c:\$recycle.bin\s-1-5-21-964415303-782210801-2814507607-1001\$i9moepg.tmp
c:\$recycle.bin\s-1-5-21-964415303-782210801-2814507607-1001\$iz0f3jr.tmp
c:\$recycle.bin\s-1-5-21-964415303-782210801-2814507607-1001\$ipl9g1f.tmp
c:\$recycle.bin\s-1-5-21-964415303-782210801-2814507607-1001\$i6eeldi.tmp
c:\$recycle.bin\s-1-5-21-964415303-782210801-2814507607-1001\$iyc859e
c:\$recycle.bin\s-1-5-21-964415303-782210801-2814507607-1001\$iok7h7h
c:\users\keylan\desktop\rlsm.6.04\rlsm.6.04\x64\release\rlsm.6.04.pdb
c:\users\keylan\desktop\rlsm.6.04\rlsm.6.04\rlsm.6.04\x64\release\rlsm.6.04.ipdb
c:\users\keylan\desktop\rlsm.6.04\rlsm.6.04\rlsm.6.04\x64\release\rlsm.6.04.iobj
c:\users\keylan\desktop\rlsm.6.04\rlsm.6.04\rlsm.6.04\x64\release\rlsm.6.04.tlog\cl.command.1.tlog
c:\users\keylan\desktop\rlsm.6.04\rlsm.6.04\rlsm.6.04\x64\release\rlsm.6.04.tlog\cl.items.tlog
c:\users\keylan\desktop\rlsm.6.04\rlsm.6.04\rlsm.6.04\x64\release\rlsm.6.04.tlog\cl.read.1.tlog
c:\users\keylan\desktop\rlsm.6.04\rlsm.6.04\rlsm.6.04\x64\release\rlsm.6.04.tlog\cl.write.1.tlog
c:\users\keylan\desktop\rlsm.6.04\rlsm.6.04\rlsm.6.04\x64\release\rlsm.6.04.tlog\link.command.1.tlog
c:\users\keylan\desktop\rlsm.6.04\rlsm.6.04\rlsm.6.04\x64\release\rlsm.6.04.tlog\link.read.1.tlog
c:\users\keylan\desktop\rlsm.6.04\rlsm.6.04\rlsm.6.04\x64\release\rlsm.6.04.tlog\link.secondary.1.tlog
c:\users\keylan\desktop\rlsm.6.04\rlsm.6.04\rlsm.6.04\x64\release\rlsm.6.04.tlog\link.write.1.tlog
