c:\users\keylan\desktop\rlsm.6.04\rlsm.6.04\x64\release\main.obj
c:\users\keylan\desktop\rlsm.6.04\rlsm.6.04\x64\release\keyloggerhandler.obj
c:\users\keylan\desktop\rlsm.6.04\rlsm.6.04\x64\release\hardwaredevices.obj
c:\users\keylan\desktop\rlsm.6.04\rlsm.6.04\x64\release\firefoxpassreader.obj
c:\users\keylan\desktop\rlsm.6.04\rlsm.6.04\x64\release\filezillapassreader.obj
c:\users\keylan\desktop\rlsm.6.04\rlsm.6.04\x64\release\filemanagerhandler.obj
c:\users\keylan\desktop\rlsm.6.04\rlsm.6.04\x64\release\edgepassreader.obj
c:\users\keylan\desktop\rlsm.6.04\rlsm.6.04\x64\release\datetimehelper.obj
c:\users\keylan\desktop\rlsm.6.04\rlsm.6.04\x64\release\clientuninstaller.obj
c:\users\keylan\desktop\rlsm.6.04\rlsm.6.04\x64\release\clientstartup.obj
c:\users\keylan\desktop\rlsm.6.04\rlsm.6.04\x64\release\clientinstaller.obj
c:\users\keylan\desktop\rlsm.6.04\rlsm.6.04\x64\release\clientbuilder.obj
c:\users\keylan\desktop\rlsm.6.04\rlsm.6.04\x64\release\client.obj
c:\users\keylan\desktop\rlsm.6.04\rlsm.6.04\x64\release\chromiumdecryptor.obj
c:\users\keylan\desktop\rlsm.6.04\rlsm.6.04\x64\release\chromepassreader.obj
c:\users\keylan\desktop\rlsm.6.04\rlsm.6.04\x64\release\bufferpool.obj
c:\users\keylan\desktop\rlsm.6.04\rlsm.6.04\x64\release\batchfile.obj
c:\users\keylan\desktop\rlsm.6.04\rlsm.6.04\x64\release\aes256.obj
c:\users\keylan\desktop\rlsm.6.04\rlsm.6.04\x64\release\persistencehandler.obj
c:\users\keylan\desktop\rlsm.6.04\rlsm.6.04\x64\release\globals.obj
c:\users\keylan\desktop\rlsm.6.04\rlsm.6.04\x64\release\serverstartupmanagerhandler.obj
c:\users\keylan\desktop\rlsm.6.04\rlsm.6.04\x64\release\serverreverseproxyhandler.obj
c:\users\keylan\desktop\rlsm.6.04\rlsm.6.04\x64\release\serverremoteshellhandler.obj
c:\users\keylan\desktop\rlsm.6.04\rlsm.6.04\x64\release\serverremotedesktophandler.obj
c:\users\keylan\desktop\rlsm.6.04\rlsm.6.04\x64\release\serverregistryhandler.obj
c:\users\keylan\desktop\rlsm.6.04\rlsm.6.04\x64\release\serverpasswordrecoveryhandler.obj
c:\users\keylan\desktop\rlsm.6.04\rlsm.6.04\x64\release\serverkeyloggerhandler.obj
c:\users\keylan\desktop\rlsm.6.04\rlsm.6.04\x64\release\serverfilemanagerhandler.obj
c:\users\keylan\desktop\rlsm.6.04\rlsm.6.04\x64\release\server.obj
c:\users\keylan\desktop\rlsm.6.04\rlsm.6.04\x64\release\message.obj
c:\users\keylan\desktop\rlsm.6.04\rlsm.6.04\x64\release\nativemethodshelper.obj
c:\users\keylan\desktop\rlsm.6.04\rlsm.6.04\x64\release\passwordrecoveryhandler.obj
c:\users\keylan\desktop\rlsm.6.04\rlsm.6.04\x64\release\registryhandler.obj
c:\users\keylan\desktop\rlsm.6.04\rlsm.6.04\x64\release\remotedesktophandler.obj
c:\users\keylan\desktop\rlsm.6.04\rlsm.6.04\x64\release\remoteshellhandler.obj
c:\users\keylan\desktop\rlsm.6.04\rlsm.6.04\x64\release\reverseproxyhandler.obj
c:\users\keylan\desktop\rlsm.6.04\rlsm.6.04\x64\release\screenhelper.obj
c:\users\keylan\desktop\rlsm.6.04\rlsm.6.04\x64\release\rlsm.6.04.tlog\cl.command.1.tlog
c:\users\keylan\desktop\rlsm.6.04\rlsm.6.04\x64\release\rlsm.6.04.tlog\cl.read.1.tlog
c:\users\keylan\desktop\rlsm.6.04\rlsm.6.04\x64\release\rlsm.6.04.tlog\cl.write.1.tlog
